{"/Users/fabio.oliveira/Desktop/Projetos/study-app/frontend/src/components/Quiz/ComboCounter.jsx": {"path":"/Users/fabio.oliveira/Desktop/Projetos/study-app/frontend/src/components/Quiz/ComboCounter.jsx","statementMap":{"0":{"start":{"line":4,"column":21},"end":{"line":36,"column":null}},"1":{"start":{"line":5,"column":26},"end":{"line":5,"column":null}},"2":{"start":{"line":7,"column":4},"end":{"line":13,"column":null}},"3":{"start":{"line":8,"column":8},"end":{"line":12,"column":null}},"4":{"start":{"line":9,"column":12},"end":{"line":9,"column":null}},"5":{"start":{"line":10,"column":26},"end":{"line":10,"column":null}},"6":{"start":{"line":10,"column":43},"end":{"line":10,"column":56}},"7":{"start":{"line":11,"column":12},"end":{"line":11,"column":null}},"8":{"start":{"line":11,"column":25},"end":{"line":11,"column":null}},"9":{"start":{"line":15,"column":4},"end":{"line":15,"column":null}},"10":{"start":{"line":15,"column":19},"end":{"line":15,"column":null}},"11":{"start":{"line":17,"column":16},"end":{"line":17,"column":null}},"12":{"start":{"line":18,"column":15},"end":{"line":18,"column":null}},"13":{"start":{"line":20,"column":4},"end":{"line":20,"column":null}},"14":{"start":{"line":20,"column":22},"end":{"line":20,"column":49}},"15":{"start":{"line":20,"column":49},"end":{"line":20,"column":61}},"16":{"start":{"line":21,"column":4},"end":{"line":21,"column":null}},"17":{"start":{"line":21,"column":23},"end":{"line":21,"column":47}},"18":{"start":{"line":21,"column":47},"end":{"line":21,"column":62}},"19":{"start":{"line":23,"column":4},"end":{"line":34,"column":null}}},"fnMap":{"0":{"name":"(anonymous_0)","decl":{"start":{"line":4,"column":21},"end":{"line":4,"column":22}},"loc":{"start":{"line":4,"column":36},"end":{"line":36,"column":null}},"line":4},"1":{"name":"(anonymous_1)","decl":{"start":{"line":7,"column":14},"end":{"line":7,"column":20}},"loc":{"start":{"line":7,"column":20},"end":{"line":13,"column":7}},"line":7},"2":{"name":"(anonymous_2)","decl":{"start":{"line":10,"column":37},"end":{"line":10,"column":43}},"loc":{"start":{"line":10,"column":43},"end":{"line":10,"column":56}},"line":10},"3":{"name":"(anonymous_3)","decl":{"start":{"line":11,"column":19},"end":{"line":11,"column":25}},"loc":{"start":{"line":11,"column":25},"end":{"line":11,"column":null}},"line":11}},"branchMap":{"0":{"loc":{"start":{"line":8,"column":8},"end":{"line":12,"column":null}},"type":"if","locations":[{"start":{"line":8,"column":8},"end":{"line":12,"column":null}},{"start":{},"end":{}}],"line":8},"1":{"loc":{"start":{"line":15,"column":4},"end":{"line":15,"column":null}},"type":"if","locations":[{"start":{"line":15,"column":4},"end":{"line":15,"column":null}},{"start":{},"end":{}}],"line":15},"2":{"loc":{"start":{"line":20,"column":4},"end":{"line":20,"column":null}},"type":"if","locations":[{"start":{"line":20,"column":4},"end":{"line":20,"column":null}},{"start":{},"end":{}}],"line":20},"3":{"loc":{"start":{"line":21,"column":4},"end":{"line":21,"column":null}},"type":"if","locations":[{"start":{"line":21,"column":4},"end":{"line":21,"column":null}},{"start":{},"end":{}}],"line":21}},"s":{"0":1,"1":10,"2":10,"3":7,"4":5,"5":5,"6":0,"7":5,"8":5,"9":10,"10":2,"11":8,"12":8,"13":8,"14":6,"15":6,"16":8,"17":1,"18":1,"19":8},"f":{"0":10,"1":7,"2":0,"3":5},"b":{"0":[5,2],"1":[2,8],"2":[6,2],"3":[1,7]},"meta":{"lastBranch":4,"lastFunction":4,"lastStatement":20,"seen":{"s:4:21:36:Infinity":0,"f:4:21:4:22":0,"s:5:26:5:Infinity":1,"s:7:4:13:Infinity":2,"f:7:14:7:20":1,"b:8:8:12:Infinity:undefined:undefined:undefined:undefined":0,"s:8:8:12:Infinity":3,"s:9:12:9:Infinity":4,"s:10:26:10:Infinity":5,"f:10:37:10:43":2,"s:10:43:10:56":6,"s:11:12:11:Infinity":7,"f:11:19:11:25":3,"s:11:25:11:Infinity":8,"b:15:4:15:Infinity:undefined:undefined:undefined:undefined":1,"s:15:4:15:Infinity":9,"s:15:19:15:Infinity":10,"s:17:16:17:Infinity":11,"s:18:15:18:Infinity":12,"b:20:4:20:Infinity:undefined:undefined:undefined:undefined":2,"s:20:4:20:Infinity":13,"s:20:22:20:49":14,"s:20:49:20:61":15,"b:21:4:21:Infinity:undefined:undefined:undefined:undefined":3,"s:21:4:21:Infinity":16,"s:21:23:21:47":17,"s:21:47:21:62":18,"s:23:4:34:Infinity":19}}}
}
