{"/Users/fabio.oliveira/Desktop/Projetos/study-app/frontend/src/components/Quiz/ComboCounter.jsx": {"path":"/Users/fabio.oliveira/Desktop/Projetos/study-app/frontend/src/components/Quiz/ComboCounter.jsx","statementMap":{"0":{"start":{"line":3,"column":21},"end":{"line":32,"column":null}},"1":{"start":{"line":4,"column":26},"end":{"line":4,"column":null}},"2":{"start":{"line":6,"column":4},"end":{"line":12,"column":null}},"3":{"start":{"line":7,"column":8},"end":{"line":11,"column":null}},"4":{"start":{"line":8,"column":12},"end":{"line":8,"column":null}},"5":{"start":{"line":9,"column":26},"end":{"line":9,"column":null}},"6":{"start":{"line":9,"column":43},"end":{"line":9,"column":56}},"7":{"start":{"line":10,"column":12},"end":{"line":10,"column":null}},"8":{"start":{"line":10,"column":25},"end":{"line":10,"column":null}},"9":{"start":{"line":14,"column":4},"end":{"line":14,"column":null}},"10":{"start":{"line":14,"column":19},"end":{"line":14,"column":null}},"11":{"start":{"line":16,"column":16},"end":{"line":16,"column":null}},"12":{"start":{"line":17,"column":16},"end":{"line":17,"column":null}},"13":{"start":{"line":18,"column":4},"end":{"line":18,"column":null}},"14":{"start":{"line":18,"column":22},"end":{"line":18,"column":49}},"15":{"start":{"line":18,"column":49},"end":{"line":18,"column":62}},"16":{"start":{"line":19,"column":4},"end":{"line":19,"column":null}},"17":{"start":{"line":19,"column":23},"end":{"line":19,"column":47}},"18":{"start":{"line":19,"column":47},"end":{"line":19,"column":61}},"19":{"start":{"line":21,"column":4},"end":{"line":30,"column":null}}},"fnMap":{"0":{"name":"(anonymous_0)","decl":{"start":{"line":3,"column":21},"end":{"line":3,"column":22}},"loc":{"start":{"line":3,"column":36},"end":{"line":32,"column":null}},"line":3},"1":{"name":"(anonymous_1)","decl":{"start":{"line":6,"column":14},"end":{"line":6,"column":20}},"loc":{"start":{"line":6,"column":20},"end":{"line":12,"column":7}},"line":6},"2":{"name":"(anonymous_2)","decl":{"start":{"line":9,"column":37},"end":{"line":9,"column":43}},"loc":{"start":{"line":9,"column":43},"end":{"line":9,"column":56}},"line":9},"3":{"name":"(anonymous_3)","decl":{"start":{"line":10,"column":19},"end":{"line":10,"column":25}},"loc":{"start":{"line":10,"column":25},"end":{"line":10,"column":null}},"line":10}},"branchMap":{"0":{"loc":{"start":{"line":7,"column":8},"end":{"line":11,"column":null}},"type":"if","locations":[{"start":{"line":7,"column":8},"end":{"line":11,"column":null}},{"start":{},"end":{}}],"line":7},"1":{"loc":{"start":{"line":14,"column":4},"end":{"line":14,"column":null}},"type":"if","locations":[{"start":{"line":14,"column":4},"end":{"line":14,"column":null}},{"start":{},"end":{}}],"line":14},"2":{"loc":{"start":{"line":18,"column":4},"end":{"line":18,"column":null}},"type":"if","locations":[{"start":{"line":18,"column":4},"end":{"line":18,"column":null}},{"start":{},"end":{}}],"line":18},"3":{"loc":{"start":{"line":19,"column":4},"end":{"line":19,"column":null}},"type":"if","locations":[{"start":{"line":19,"column":4},"end":{"line":19,"column":null}},{"start":{},"end":{}}],"line":19}},"s":{"0":1,"1":10,"2":10,"3":7,"4":5,"5":5,"6":0,"7":5,"8":5,"9":10,"10":2,"11":8,"12":8,"13":8,"14":6,"15":6,"16":8,"17":1,"18":1,"19":8},"f":{"0":10,"1":7,"2":0,"3":5},"b":{"0":[5,2],"1":[2,8],"2":[6,2],"3":[1,7]},"meta":{"lastBranch":4,"lastFunction":4,"lastStatement":20,"seen":{"s:3:21:32:Infinity":0,"f:3:21:3:22":0,"s:4:26:4:Infinity":1,"s:6:4:12:Infinity":2,"f:6:14:6:20":1,"b:7:8:11:Infinity:undefined:undefined:undefined:undefined":0,"s:7:8:11:Infinity":3,"s:8:12:8:Infinity":4,"s:9:26:9:Infinity":5,"f:9:37:9:43":2,"s:9:43:9:56":6,"s:10:12:10:Infinity":7,"f:10:19:10:25":3,"s:10:25:10:Infinity":8,"b:14:4:14:Infinity:undefined:undefined:undefined:undefined":1,"s:14:4:14:Infinity":9,"s:14:19:14:Infinity":10,"s:16:16:16:Infinity":11,"s:17:16:17:Infinity":12,"b:18:4:18:Infinity:undefined:undefined:undefined:undefined":2,"s:18:4:18:Infinity":13,"s:18:22:18:49":14,"s:18:49:18:62":15,"b:19:4:19:Infinity:undefined:undefined:undefined:undefined":3,"s:19:4:19:Infinity":16,"s:19:23:19:47":17,"s:19:47:19:61":18,"s:21:4:30:Infinity":19}}}
,"/Users/fabio.oliveira/Desktop/Projetos/study-app/frontend/src/components/Quiz/OpenEndedCard.jsx": {"path":"/Users/fabio.oliveira/Desktop/Projetos/study-app/frontend/src/components/Quiz/OpenEndedCard.jsx","statementMap":{"0":{"start":{"line":6,"column":22},"end":{"line":151,"column":null}},"1":{"start":{"line":7,"column":32},"end":{"line":7,"column":null}},"2":{"start":{"line":8,"column":78},"end":{"line":8,"column":null}},"3":{"start":{"line":11,"column":4},"end":{"line":15,"column":null}},"4":{"start":{"line":12,"column":8},"end":{"line":14,"column":null}},"5":{"start":{"line":13,"column":12},"end":{"line":13,"column":null}},"6":{"start":{"line":13,"column":24},"end":{"line":13,"column":64}},"7":{"start":{"line":17,"column":29},"end":{"line":21,"column":null}},"8":{"start":{"line":18,"column":8},"end":{"line":20,"column":null}},"9":{"start":{"line":19,"column":12},"end":{"line":19,"column":null}},"10":{"start":{"line":23,"column":24},"end":{"line":23,"column":null}},"11":{"start":{"line":25,"column":4},"end":{"line":149,"column":null}},"12":{"start":{"line":49,"column":41},"end":{"line":49,"column":null}},"13":{"start":{"line":102,"column":44},"end":{"line":104,"column":null}}},"fnMap":{"0":{"name":"(anonymous_0)","decl":{"start":{"line":6,"column":22},"end":{"line":6,"column":23}},"loc":{"start":{"line":6,"column":127},"end":{"line":151,"column":null}},"line":6},"1":{"name":"(anonymous_1)","decl":{"start":{"line":11,"column":14},"end":{"line":11,"column":20}},"loc":{"start":{"line":11,"column":20},"end":{"line":15,"column":7}},"line":11},"2":{"name":"(anonymous_2)","decl":{"start":{"line":13,"column":24},"end":{"line":13,"column":33}},"loc":{"start":{"line":13,"column":24},"end":{"line":13,"column":64}},"line":13},"3":{"name":"(anonymous_3)","decl":{"start":{"line":17,"column":29},"end":{"line":17,"column":35}},"loc":{"start":{"line":17,"column":35},"end":{"line":21,"column":null}},"line":17},"4":{"name":"(anonymous_4)","decl":{"start":{"line":49,"column":34},"end":{"line":49,"column":35}},"loc":{"start":{"line":49,"column":41},"end":{"line":49,"column":null}},"line":49},"5":{"name":"(anonymous_5)","decl":{"start":{"line":101,"column":71},"end":{"line":101,"column":72}},"loc":{"start":{"line":102,"column":44},"end":{"line":104,"column":null}},"line":102}},"branchMap":{"0":{"loc":{"start":{"line":12,"column":8},"end":{"line":14,"column":null}},"type":"if","locations":[{"start":{"line":12,"column":8},"end":{"line":14,"column":null}},{"start":{},"end":{}}],"line":12},"1":{"loc":{"start":{"line":12,"column":12},"end":{"line":12,"column":40}},"type":"binary-expr","locations":[{"start":{"line":12,"column":12},"end":{"line":12,"column":28}},{"start":{"line":12,"column":28},"end":{"line":12,"column":40}}],"line":12},"2":{"loc":{"start":{"line":18,"column":8},"end":{"line":20,"column":null}},"type":"if","locations":[{"start":{"line":18,"column":8},"end":{"line":20,"column":null}},{"start":{},"end":{}}],"line":18},"3":{"loc":{"start":{"line":43,"column":152},"end":{"line":45,"column":null}},"type":"cond-expr","locations":[{"start":{"line":44,"column":30},"end":{"line":44,"column":null}},{"start":{"line":45,"column":30},"end":{"line":45,"column":null}}],"line":43},"4":{"loc":{"start":{"line":47,"column":37},"end":{"line":47,"column":null}},"type":"cond-expr","locations":[{"start":{"line":47,"column":51},"end":{"line":47,"column":68}},{"start":{"line":47,"column":68},"end":{"line":47,"column":null}}],"line":47},"5":{"loc":{"start":{"line":48,"column":31},"end":{"line":48,"column":null}},"type":"cond-expr","locations":[{"start":{"line":48,"column":45},"end":{"line":48,"column":75}},{"start":{"line":48,"column":75},"end":{"line":48,"column":null}}],"line":48},"6":{"loc":{"start":{"line":50,"column":34},"end":{"line":50,"column":null}},"type":"binary-expr","locations":[{"start":{"line":50,"column":34},"end":{"line":50,"column":50}},{"start":{"line":50,"column":50},"end":{"line":50,"column":null}}],"line":50},"7":{"loc":{"start":{"line":54,"column":21},"end":{"line":63,"column":null}},"type":"binary-expr","locations":[{"start":{"line":54,"column":21},"end":{"line":54,"column":36}},{"start":{"line":54,"column":36},"end":{"line":54,"column":null}},{"start":{"line":55,"column":24},"end":{"line":63,"column":null}}],"line":54},"8":{"loc":{"start":{"line":56,"column":37},"end":{"line":56,"column":null}},"type":"cond-expr","locations":[{"start":{"line":56,"column":51},"end":{"line":56,"column":67}},{"start":{"line":56,"column":67},"end":{"line":56,"column":null}}],"line":56},"9":{"loc":{"start":{"line":57,"column":148},"end":{"line":59,"column":null}},"type":"cond-expr","locations":[{"start":{"line":58,"column":34},"end":{"line":58,"column":null}},{"start":{"line":59,"column":34},"end":{"line":59,"column":null}}],"line":57},"10":{"loc":{"start":{"line":62,"column":29},"end":{"line":62,"column":null}},"type":"cond-expr","locations":[{"start":{"line":62,"column":43},"end":{"line":62,"column":66}},{"start":{"line":62,"column":66},"end":{"line":62,"column":null}}],"line":62},"11":{"loc":{"start":{"line":68,"column":17},"end":{"line":118,"column":null}},"type":"binary-expr","locations":[{"start":{"line":68,"column":17},"end":{"line":68,"column":null}},{"start":{"line":69,"column":20},"end":{"line":118,"column":null}}],"line":68},"12":{"loc":{"start":{"line":72,"column":140},"end":{"line":74,"column":72}},"type":"cond-expr","locations":[{"start":{"line":73,"column":34},"end":{"line":73,"column":null}},{"start":{"line":74,"column":34},"end":{"line":74,"column":72}}],"line":72},"13":{"loc":{"start":{"line":79,"column":73},"end":{"line":79,"column":120}},"type":"cond-expr","locations":[{"start":{"line":79,"column":87},"end":{"line":79,"column":106}},{"start":{"line":79,"column":106},"end":{"line":79,"column":120}}],"line":79},"14":{"loc":{"start":{"line":80,"column":37},"end":{"line":82,"column":null}},"type":"cond-expr","locations":[{"start":{"line":80,"column":37},"end":{"line":81,"column":null}},{"start":{"line":81,"column":75},"end":{"line":82,"column":null}}],"line":80},"15":{"loc":{"start":{"line":89,"column":25},"end":{"line":107,"column":null}},"type":"cond-expr","locations":[{"start":{"line":91,"column":28},"end":{"line":94,"column":null}},{"start":{"line":97,"column":28},"end":{"line":107,"column":null}}],"line":89},"16":{"loc":{"start":{"line":97,"column":28},"end":{"line":107,"column":null}},"type":"binary-expr","locations":[{"start":{"line":97,"column":28},"end":{"line":97,"column":57}},{"start":{"line":97,"column":57},"end":{"line":97,"column":null}},{"start":{"line":98,"column":32},"end":{"line":107,"column":null}}],"line":97},"17":{"loc":{"start":{"line":112,"column":25},"end":{"line":116,"column":null}},"type":"binary-expr","locations":[{"start":{"line":112,"column":25},"end":{"line":112,"column":null}},{"start":{"line":113,"column":28},"end":{"line":116,"column":null}}],"line":112},"18":{"loc":{"start":{"line":126,"column":33},"end":{"line":126,"column":null}},"type":"cond-expr","locations":[{"start":{"line":126,"column":46},"end":{"line":126,"column":55}},{"start":{"line":126,"column":55},"end":{"line":126,"column":null}}],"line":126},"19":{"loc":{"start":{"line":127,"column":35},"end":{"line":127,"column":null}},"type":"binary-expr","locations":[{"start":{"line":127,"column":35},"end":{"line":127,"column":50}},{"start":{"line":127,"column":50},"end":{"line":127,"column":83}},{"start":{"line":127,"column":83},"end":{"line":127,"column":null}}],"line":127},"20":{"loc":{"start":{"line":128,"column":256},"end":{"line":136,"column":null}},"type":"cond-expr","locations":[{"start":{"line":129,"column":30},"end":{"line":129,"column":null}},{"start":{"line":130,"column":30},"end":{"line":136,"column":null}}],"line":128},"21":{"loc":{"start":{"line":130,"column":30},"end":{"line":136,"column":null}},"type":"cond-expr","locations":[{"start":{"line":131,"column":35},"end":{"line":133,"column":null}},{"start":{"line":134,"column":35},"end":{"line":136,"column":null}}],"line":130},"22":{"loc":{"start":{"line":131,"column":35},"end":{"line":133,"column":null}},"type":"cond-expr","locations":[{"start":{"line":132,"column":38},"end":{"line":132,"column":null}},{"start":{"line":133,"column":38},"end":{"line":133,"column":null}}],"line":131},"23":{"loc":{"start":{"line":134,"column":35},"end":{"line":136,"column":null}},"type":"cond-expr","locations":[{"start":{"line":135,"column":38},"end":{"line":135,"column":null}},{"start":{"line":136,"column":38},"end":{"line":136,"column":null}}],"line":134},"24":{"loc":{"start":{"line":139,"column":25},"end":{"line":144,"column":null}},"type":"cond-expr","locations":[{"start":{"line":140,"column":28},"end":{"line":140,"column":null}},{"start":{"line":141,"column":28},"end":{"line":144,"column":null}}],"line":139},"25":{"loc":{"start":{"line":141,"column":28},"end":{"line":144,"column":null}},"type":"cond-expr","locations":[{"start":{"line":142,"column":28},"end":{"line":142,"column":null}},{"start":{"line":144,"column":28},"end":{"line":144,"column":null}}],"line":141},"26":{"loc":{"start":{"line":142,"column":28},"end":{"line":142,"column":null}},"type":"cond-expr","locations":[{"start":{"line":142,"column":48},"end":{"line":142,"column":62}},{"start":{"line":142,"column":62},"end":{"line":142,"column":null}}],"line":142}},"s":{"0":1,"1":15,"2":15,"3":15,"4":6,"5":0,"6":0,"7":15,"8":1,"9":1,"10":15,"11":15,"12":3,"13":0},"f":{"0":15,"1":6,"2":0,"3":1,"4":3,"5":0},"b":{"0":[0,6],"1":[6,6],"2":[1,0],"3":[2,13],"4":[0,15],"5":[0,15],"6":[15,13],"7":[15,13,0],"8":[0,0],"9":[0,0],"10":[0,0],"11":[15,2],"12":[2,0],"13":[2,0],"14":[2,0],"15":[0,2],"16":[2,0,0],"17":[2,0],"18":[2,13],"19":[15,13,5],"20":[0,15],"21":[13,2],"22":[10,3],"23":[2,0],"24":[0,15],"25":[2,13],"26":[2,0]},"meta":{"lastBranch":27,"lastFunction":6,"lastStatement":14,"seen":{"s:6:22:151:Infinity":0,"f:6:22:6:23":0,"s:7:32:7:Infinity":1,"s:8:78:8:Infinity":2,"s:11:4:15:Infinity":3,"f:11:14:11:20":1,"b:12:8:14:Infinity:undefined:undefined:undefined:undefined":0,"s:12:8:14:Infinity":4,"b:12:12:12:28:12:28:12:40":1,"s:13:12:13:Infinity":5,"f:13:24:13:33":2,"s:13:24:13:64":6,"s:17:29:21:Infinity":7,"f:17:29:17:35":3,"b:18:8:20:Infinity:undefined:undefined:undefined:undefined":2,"s:18:8:20:Infinity":8,"s:19:12:19:Infinity":9,"s:23:24:23:Infinity":10,"s:25:4:149:Infinity":11,"b:44:30:44:Infinity:45:30:45:Infinity":3,"b:47:51:47:68:47:68:47:Infinity":4,"b:48:45:48:75:48:75:48:Infinity":5,"f:49:34:49:35":4,"s:49:41:49:Infinity":12,"b:50:34:50:50:50:50:50:Infinity":6,"b:54:21:54:36:54:36:54:Infinity:55:24:63:Infinity":7,"b:56:51:56:67:56:67:56:Infinity":8,"b:58:34:58:Infinity:59:34:59:Infinity":9,"b:62:43:62:66:62:66:62:Infinity":10,"b:68:17:68:Infinity:69:20:118:Infinity":11,"b:73:34:73:Infinity:74:34:74:72":12,"b:79:87:79:106:79:106:79:120":13,"b:80:37:81:Infinity:81:75:82:Infinity":14,"b:91:28:94:Infinity:97:28:107:Infinity":15,"b:97:28:97:57:97:57:97:Infinity:98:32:107:Infinity":16,"f:101:71:101:72":5,"s:102:44:104:Infinity":13,"b:112:25:112:Infinity:113:28:116:Infinity":17,"b:126:46:126:55:126:55:126:Infinity":18,"b:127:35:127:50:127:50:127:83:127:83:127:Infinity":19,"b:129:30:129:Infinity:130:30:136:Infinity":20,"b:131:35:133:Infinity:134:35:136:Infinity":21,"b:132:38:132:Infinity:133:38:133:Infinity":22,"b:135:38:135:Infinity:136:38:136:Infinity":23,"b:140:28:140:Infinity:141:28:144:Infinity":24,"b:142:28:142:Infinity:144:28:144:Infinity":25,"b:142:48:142:62:142:62:142:Infinity":26}}}
,"/Users/fabio.oliveira/Desktop/Projetos/study-app/frontend/src/components/Quiz/shared/ProgressBar.jsx": {"path":"/Users/fabio.oliveira/Desktop/Projetos/study-app/frontend/src/components/Quiz/shared/ProgressBar.jsx","statementMap":{"0":{"start":{"line":9,"column":20},"end":{"line":22,"column":null}},"1":{"start":{"line":10,"column":10},"end":{"line":10,"column":null}},"2":{"start":{"line":12,"column":4},"end":{"line":20,"column":null}}},"fnMap":{"0":{"name":"(anonymous_0)","decl":{"start":{"line":9,"column":20},"end":{"line":9,"column":21}},"loc":{"start":{"line":9,"column":68},"end":{"line":22,"column":null}},"line":9}},"branchMap":{"0":{"loc":{"start":{"line":9,"column":39},"end":{"line":9,"column":62}},"type":"default-arg","locations":[{"start":{"line":9,"column":47},"end":{"line":9,"column":62}}],"line":9}},"s":{"0":1,"1":15,"2":15},"f":{"0":15},"b":{"0":[15]},"meta":{"lastBranch":1,"lastFunction":1,"lastStatement":3,"seen":{"s:9:20:22:Infinity":0,"f:9:20:9:21":0,"b:9:47:9:62":0,"s:10:10:10:Infinity":1,"s:12:4:20:Infinity":2}}}
,"/Users/fabio.oliveira/Desktop/Projetos/study-app/frontend/src/components/Quiz/shared/QuestionHeader.jsx": {"path":"/Users/fabio.oliveira/Desktop/Projetos/study-app/frontend/src/components/Quiz/shared/QuestionHeader.jsx","statementMap":{"0":{"start":{"line":12,"column":23},"end":{"line":51,"column":null}},"1":{"start":{"line":19,"column":21},"end":{"line":28,"column":null}},"2":{"start":{"line":30,"column":19},"end":{"line":30,"column":null}},"3":{"start":{"line":32,"column":4},"end":{"line":49,"column":null}},"4":{"start":{"line":43,"column":31},"end":{"line":43,"column":null}}},"fnMap":{"0":{"name":"(anonymous_0)","decl":{"start":{"line":12,"column":23},"end":{"line":12,"column":24}},"loc":{"start":{"line":18,"column":6},"end":{"line":51,"column":null}},"line":18},"1":{"name":"(anonymous_1)","decl":{"start":{"line":43,"column":25},"end":{"line":43,"column":31}},"loc":{"start":{"line":43,"column":31},"end":{"line":43,"column":null}},"line":43}},"branchMap":{"0":{"loc":{"start":{"line":16,"column":4},"end":{"line":16,"column":null}},"type":"default-arg","locations":[{"start":{"line":16,"column":17},"end":{"line":16,"column":null}}],"line":16},"1":{"loc":{"start":{"line":17,"column":4},"end":{"line":17,"column":null}},"type":"default-arg","locations":[{"start":{"line":17,"column":18},"end":{"line":17,"column":null}}],"line":17},"2":{"loc":{"start":{"line":30,"column":19},"end":{"line":30,"column":null}},"type":"binary-expr","locations":[{"start":{"line":30,"column":19},"end":{"line":30,"column":44}},{"start":{"line":30,"column":44},"end":{"line":30,"column":null}}],"line":30},"3":{"loc":{"start":{"line":44,"column":111},"end":{"line":44,"column":null}},"type":"cond-expr","locations":[{"start":{"line":44,"column":124},"end":{"line":44,"column":140}},{"start":{"line":44,"column":140},"end":{"line":44,"column":null}}],"line":44},"4":{"loc":{"start":{"line":47,"column":17},"end":{"line":47,"column":null}},"type":"cond-expr","locations":[{"start":{"line":47,"column":30},"end":{"line":47,"column":57}},{"start":{"line":47,"column":57},"end":{"line":47,"column":null}}],"line":47}},"s":{"0":1,"1":15,"2":15,"3":15,"4":0},"f":{"0":15,"1":0},"b":{"0":[15],"1":[15],"2":[15,0],"3":[0,15],"4":[0,15]},"meta":{"lastBranch":5,"lastFunction":2,"lastStatement":5,"seen":{"s:12:23:51:Infinity":0,"f:12:23:12:24":0,"b:16:17:16:Infinity":0,"b:17:18:17:Infinity":1,"s:19:21:28:Infinity":1,"s:30:19:30:Infinity":2,"b:30:19:30:44:30:44:30:Infinity":2,"s:32:4:49:Infinity":3,"f:43:25:43:31":1,"s:43:31:43:Infinity":4,"b:44:124:44:140:44:140:44:Infinity":3,"b:47:30:47:57:47:57:47:Infinity":4}}}
,"/Users/fabio.oliveira/Desktop/Projetos/study-app/frontend/src/components/Quiz/shared/feedbackMessages.js": {"path":"/Users/fabio.oliveira/Desktop/Projetos/study-app/frontend/src/components/Quiz/shared/feedbackMessages.js","statementMap":{"0":{"start":{"line":6,"column":32},"end":{"line":10,"column":1}},"1":{"start":{"line":12,"column":30},"end":{"line":16,"column":1}},"2":{"start":{"line":18,"column":40},"end":{"line":22,"column":1}},"3":{"start":{"line":27,"column":32},"end":{"line":29,"column":1}},"4":{"start":{"line":28,"column":4},"end":{"line":28,"column":null}}},"fnMap":{"0":{"name":"(anonymous_0)","decl":{"start":{"line":27,"column":32},"end":{"line":27,"column":33}},"loc":{"start":{"line":27,"column":46},"end":{"line":29,"column":1}},"line":27}},"branchMap":{},"s":{"0":1,"1":1,"2":1,"3":1,"4":2},"f":{"0":2},"b":{},"meta":{"lastBranch":0,"lastFunction":1,"lastStatement":5,"seen":{"s:6:32:10:1":0,"s:12:30:16:1":1,"s:18:40:22:1":2,"s:27:32:29:1":3,"f:27:32:27:33":0,"s:28:4:28:Infinity":4}}}
,"/Users/fabio.oliveira/Desktop/Projetos/study-app/frontend/src/components/Quiz/shared/index.js": {"path":"/Users/fabio.oliveira/Desktop/Projetos/study-app/frontend/src/components/Quiz/shared/index.js","statementMap":{"0":{"start":{"line":3,"column":0},"end":{"line":3,"column":null}}},"fnMap":{},"branchMap":{},"s":{"0":1},"f":{},"b":{},"meta":{"lastBranch":0,"lastFunction":0,"lastStatement":1,"seen":{"s:3:0:3:Infinity":0}}}
,"/Users/fabio.oliveira/Desktop/Projetos/study-app/frontend/src/hooks/useGamification.js": {"path":"/Users/fabio.oliveira/Desktop/Projetos/study-app/frontend/src/hooks/useGamification.js","statementMap":{"0":{"start":{"line":4,"column":15},"end":{"line":11,"column":1}},"1":{"start":{"line":13,"column":21},"end":{"line":23,"column":1}},"2":{"start":{"line":14,"column":16},"end":{"line":14,"column":25}},"3":{"start":{"line":15,"column":20},"end":{"line":15,"column":29}},"4":{"start":{"line":16,"column":4},"end":{"line":21,"column":null}},"5":{"start":{"line":16,"column":17},"end":{"line":16,"column":18}},"6":{"start":{"line":17,"column":8},"end":{"line":20,"column":null}},"7":{"start":{"line":18,"column":12},"end":{"line":18,"column":null}},"8":{"start":{"line":19,"column":12},"end":{"line":19,"column":null}},"9":{"start":{"line":22,"column":4},"end":{"line":22,"column":null}},"10":{"start":{"line":26,"column":37},"end":{"line":26,"column":49}},"11":{"start":{"line":27,"column":33},"end":{"line":27,"column":45}},"12":{"start":{"line":28,"column":47},"end":{"line":28,"column":65}},"13":{"start":{"line":31,"column":3},"end":{"line":42,"column":null}},"14":{"start":{"line":32,"column":8},"end":{"line":34,"column":null}},"15":{"start":{"line":33,"column":12},"end":{"line":33,"column":null}},"16":{"start":{"line":35,"column":8},"end":{"line":41,"column":null}},"17":{"start":{"line":36,"column":12},"end":{"line":36,"column":null}},"18":{"start":{"line":37,"column":12},"end":{"line":37,"column":null}},"19":{"start":{"line":39,"column":12},"end":{"line":39,"column":null}},"20":{"start":{"line":40,"column":12},"end":{"line":40,"column":null}},"21":{"start":{"line":46,"column":25},"end":{"line":60,"column":5}},"22":{"start":{"line":47,"column":8},"end":{"line":47,"column":null}},"23":{"start":{"line":47,"column":26},"end":{"line":47,"column":null}},"24":{"start":{"line":48,"column":31},"end":{"line":48,"column":45}},"25":{"start":{"line":51,"column":8},"end":{"line":51,"column":null}},"26":{"start":{"line":53,"column":8},"end":{"line":59,"column":null}},"27":{"start":{"line":54,"column":12},"end":{"line":54,"column":null}},"28":{"start":{"line":56,"column":12},"end":{"line":56,"column":null}},"29":{"start":{"line":58,"column":12},"end":{"line":58,"column":null}},"30":{"start":{"line":62,"column":18},"end":{"line":65,"column":5}},"31":{"start":{"line":64,"column":8},"end":{"line":64,"column":null}},"32":{"start":{"line":64,"column":27},"end":{"line":64,"column":40}},"33":{"start":{"line":67,"column":28},"end":{"line":71,"column":5}},"34":{"start":{"line":68,"column":8},"end":{"line":70,"column":null}},"35":{"start":{"line":69,"column":12},"end":{"line":69,"column":null}},"36":{"start":{"line":73,"column":33},"end":{"line":73,"column":54}},"37":{"start":{"line":75,"column":4},"end":{"line":85,"column":null}}},"fnMap":{"0":{"name":"(anonymous_0)","decl":{"start":{"line":13,"column":21},"end":{"line":13,"column":22}},"loc":{"start":{"line":13,"column":29},"end":{"line":23,"column":1}},"line":13},"1":{"name":"useGamification","decl":{"start":{"line":25,"column":16},"end":{"line":25,"column":31}},"loc":{"start":{"line":25,"column":48},"end":{"line":86,"column":null}},"line":25},"2":{"name":"(anonymous_2)","decl":{"start":{"line":31,"column":14},"end":{"line":31,"column":15}},"loc":{"start":{"line":31,"column":20},"end":{"line":42,"column":5}},"line":31},"3":{"name":"(anonymous_3)","decl":{"start":{"line":46,"column":25},"end":{"line":46,"column":30}},"loc":{"start":{"line":46,"column":42},"end":{"line":60,"column":5}},"line":46},"4":{"name":"(anonymous_4)","decl":{"start":{"line":62,"column":18},"end":{"line":62,"column":19}},"loc":{"start":{"line":62,"column":30},"end":{"line":65,"column":5}},"line":62},"5":{"name":"(anonymous_5)","decl":{"start":{"line":64,"column":19},"end":{"line":64,"column":23}},"loc":{"start":{"line":64,"column":27},"end":{"line":64,"column":40}},"line":64},"6":{"name":"(anonymous_6)","decl":{"start":{"line":67,"column":28},"end":{"line":67,"column":29}},"loc":{"start":{"line":67,"column":39},"end":{"line":71,"column":5}},"line":67}},"branchMap":{"0":{"loc":{"start":{"line":17,"column":8},"end":{"line":20,"column":null}},"type":"if","locations":[{"start":{"line":17,"column":8},"end":{"line":20,"column":null}},{"start":{},"end":{}}],"line":17},"1":{"loc":{"start":{"line":19,"column":24},"end":{"line":19,"column":45}},"type":"binary-expr","locations":[{"start":{"line":19,"column":24},"end":{"line":19,"column":37}},{"start":{"line":19,"column":41},"end":{"line":19,"column":45}}],"line":19},"2":{"loc":{"start":{"line":32,"column":8},"end":{"line":34,"column":null}},"type":"if","locations":[{"start":{"line":32,"column":8},"end":{"line":34,"column":null}},{"start":{},"end":{}}],"line":32},"3":{"loc":{"start":{"line":33,"column":30},"end":{"line":33,"column":63}},"type":"binary-expr","locations":[{"start":{"line":33,"column":30},"end":{"line":33,"column":52}},{"start":{"line":33,"column":56},"end":{"line":33,"column":63}}],"line":33},"4":{"loc":{"start":{"line":35,"column":8},"end":{"line":41,"column":null}},"type":"if","locations":[{"start":{"line":35,"column":8},"end":{"line":41,"column":null}},{"start":{"line":38,"column":15},"end":{"line":41,"column":null}}],"line":35},"5":{"loc":{"start":{"line":36,"column":25},"end":{"line":36,"column":46}},"type":"binary-expr","locations":[{"start":{"line":36,"column":25},"end":{"line":36,"column":41}},{"start":{"line":36,"column":45},"end":{"line":36,"column":46}}],"line":36},"6":{"loc":{"start":{"line":37,"column":23},"end":{"line":37,"column":42}},"type":"binary-expr","locations":[{"start":{"line":37,"column":23},"end":{"line":37,"column":37}},{"start":{"line":37,"column":41},"end":{"line":37,"column":42}}],"line":37},"7":{"loc":{"start":{"line":47,"column":8},"end":{"line":47,"column":null}},"type":"if","locations":[{"start":{"line":47,"column":8},"end":{"line":47,"column":null}},{"start":{},"end":{}}],"line":47},"8":{"loc":{"start":{"line":68,"column":8},"end":{"line":70,"column":null}},"type":"if","locations":[{"start":{"line":68,"column":8},"end":{"line":70,"column":null}},{"start":{},"end":{}}],"line":68}},"s":{"0":1,"1":1,"2":5,"3":5,"4":5,"5":5,"6":30,"7":11,"8":11,"9":5,"10":5,"11":5,"12":5,"13":5,"14":3,"15":0,"16":3,"17":0,"18":0,"19":3,"20":3,"21":5,"22":0,"23":0,"24":0,"25":0,"26":0,"27":0,"28":0,"29":0,"30":5,"31":2,"32":2,"33":5,"34":0,"35":0,"36":5,"37":5},"f":{"0":5,"1":5,"2":3,"3":0,"4":2,"5":2,"6":0},"b":{"0":[11,19],"1":[11,1],"2":[0,3],"3":[0,0],"4":[0,3],"5":[0,0],"6":[0,0],"7":[0,0],"8":[0,0]},"meta":{"lastBranch":9,"lastFunction":7,"lastStatement":38,"seen":{"s:4:15:11:1":0,"s:13:21:23:1":1,"f:13:21:13:22":0,"s:14:16:14:25":2,"s:15:20:15:29":3,"s:16:4:21:Infinity":4,"s:16:17:16:18":5,"b:17:8:20:Infinity:undefined:undefined:undefined:undefined":0,"s:17:8:20:Infinity":6,"s:18:12:18:Infinity":7,"s:19:12:19:Infinity":8,"b:19:24:19:37:19:41:19:45":1,"s:22:4:22:Infinity":9,"f:25:16:25:31":1,"s:26:37:26:49":10,"s:27:33:27:45":11,"s:28:47:28:65":12,"s:31:3:42:Infinity":13,"f:31:14:31:15":2,"b:32:8:34:Infinity:undefined:undefined:undefined:undefined":2,"s:32:8:34:Infinity":14,"s:33:12:33:Infinity":15,"b:33:30:33:52:33:56:33:63":3,"b:35:8:41:Infinity:38:15:41:Infinity":4,"s:35:8:41:Infinity":16,"s:36:12:36:Infinity":17,"b:36:25:36:41:36:45:36:46":5,"s:37:12:37:Infinity":18,"b:37:23:37:37:37:41:37:42":6,"s:39:12:39:Infinity":19,"s:40:12:40:Infinity":20,"s:46:25:60:5":21,"f:46:25:46:30":3,"b:47:8:47:Infinity:undefined:undefined:undefined:undefined":7,"s:47:8:47:Infinity":22,"s:47:26:47:Infinity":23,"s:48:31:48:45":24,"s:51:8:51:Infinity":25,"s:53:8:59:Infinity":26,"s:54:12:54:Infinity":27,"s:56:12:56:Infinity":28,"s:58:12:58:Infinity":29,"s:62:18:65:5":30,"f:62:18:62:19":4,"s:64:8:64:Infinity":31,"f:64:19:64:23":5,"s:64:27:64:40":32,"s:67:28:71:5":33,"f:67:28:67:29":6,"b:68:8:70:Infinity:undefined:undefined:undefined:undefined":8,"s:68:8:70:Infinity":34,"s:69:12:69:Infinity":35,"s:73:33:73:54":36,"s:75:4:85:Infinity":37}}}
,"/Users/fabio.oliveira/Desktop/Projetos/study-app/frontend/src/hooks/useQuizEngine.js": {"path":"/Users/fabio.oliveira/Desktop/Projetos/study-app/frontend/src/hooks/useQuizEngine.js","statementMap":{"0":{"start":{"line":3,"column":29},"end":{"line":86,"column":1}},"1":{"start":{"line":4,"column":37},"end":{"line":4,"column":64}},"2":{"start":{"line":5,"column":37},"end":{"line":5,"column":55}},"3":{"start":{"line":6,"column":59},"end":{"line":6,"column":71}},"4":{"start":{"line":7,"column":29},"end":{"line":7,"column":41}},"5":{"start":{"line":8,"column":31},"end":{"line":8,"column":43}},"6":{"start":{"line":9,"column":41},"end":{"line":9,"column":54}},"7":{"start":{"line":10,"column":59},"end":{"line":10,"column":72}},"8":{"start":{"line":11,"column":45},"end":{"line":11,"column":58}},"9":{"start":{"line":12,"column":43},"end":{"line":12,"column":59}},"10":{"start":{"line":13,"column":43},"end":{"line":13,"column":59}},"11":{"start":{"line":15,"column":21},"end":{"line":23,"column":10}},"12":{"start":{"line":16,"column":8},"end":{"line":16,"column":null}},"13":{"start":{"line":17,"column":8},"end":{"line":17,"column":null}},"14":{"start":{"line":18,"column":8},"end":{"line":18,"column":null}},"15":{"start":{"line":19,"column":8},"end":{"line":19,"column":null}},"16":{"start":{"line":20,"column":8},"end":{"line":20,"column":null}},"17":{"start":{"line":21,"column":8},"end":{"line":21,"column":null}},"18":{"start":{"line":22,"column":8},"end":{"line":22,"column":null}},"19":{"start":{"line":25,"column":20},"end":{"line":29,"column":19}},"20":{"start":{"line":26,"column":8},"end":{"line":26,"column":null}},"21":{"start":{"line":27,"column":8},"end":{"line":27,"column":null}},"22":{"start":{"line":28,"column":8},"end":{"line":28,"column":null}},"23":{"start":{"line":31,"column":24},"end":{"line":47,"column":10}},"24":{"start":{"line":32,"column":8},"end":{"line":32,"column":null}},"25":{"start":{"line":32,"column":32},"end":{"line":32,"column":61}},"26":{"start":{"line":33,"column":8},"end":{"line":33,"column":null}},"27":{"start":{"line":35,"column":8},"end":{"line":46,"column":null}},"28":{"start":{"line":36,"column":12},"end":{"line":36,"column":null}},"29":{"start":{"line":36,"column":29},"end":{"line":36,"column":37}},"30":{"start":{"line":37,"column":12},"end":{"line":37,"column":null}},"31":{"start":{"line":37,"column":30},"end":{"line":37,"column":38}},"32":{"start":{"line":38,"column":12},"end":{"line":38,"column":null}},"33":{"start":{"line":40,"column":12},"end":{"line":40,"column":null}},"34":{"start":{"line":41,"column":12},"end":{"line":44,"column":null}},"35":{"start":{"line":42,"column":16},"end":{"line":42,"column":null}},"36":{"start":{"line":42,"column":44},"end":{"line":42,"column":null}},"37":{"start":{"line":43,"column":16},"end":{"line":43,"column":null}},"38":{"start":{"line":45,"column":12},"end":{"line":45,"column":null}},"39":{"start":{"line":49,"column":28},"end":{"line":54,"column":10}},"40":{"start":{"line":50,"column":8},"end":{"line":53,"column":null}},"41":{"start":{"line":50,"column":41},"end":{"line":53,"column":9}},"42":{"start":{"line":56,"column":27},"end":{"line":65,"column":48}},"43":{"start":{"line":57,"column":8},"end":{"line":57,"column":null}},"44":{"start":{"line":58,"column":8},"end":{"line":64,"column":null}},"45":{"start":{"line":59,"column":12},"end":{"line":59,"column":null}},"46":{"start":{"line":59,"column":44},"end":{"line":59,"column":52}},"47":{"start":{"line":60,"column":12},"end":{"line":60,"column":25}},"48":{"start":{"line":62,"column":12},"end":{"line":62,"column":null}},"49":{"start":{"line":63,"column":12},"end":{"line":63,"column":24}},"50":{"start":{"line":67,"column":4},"end":{"line":85,"column":null}}},"fnMap":{"0":{"name":"(anonymous_0)","decl":{"start":{"line":3,"column":29},"end":{"line":3,"column":30}},"loc":{"start":{"line":3,"column":56},"end":{"line":86,"column":1}},"line":3},"1":{"name":"(anonymous_1)","decl":{"start":{"line":15,"column":34},"end":{"line":15,"column":35}},"loc":{"start":{"line":15,"column":40},"end":{"line":23,"column":5}},"line":15},"2":{"name":"(anonymous_2)","decl":{"start":{"line":25,"column":33},"end":{"line":25,"column":34}},"loc":{"start":{"line":25,"column":51},"end":{"line":29,"column":5}},"line":25},"3":{"name":"(anonymous_3)","decl":{"start":{"line":31,"column":37},"end":{"line":31,"column":38}},"loc":{"start":{"line":31,"column":68},"end":{"line":47,"column":5}},"line":31},"4":{"name":"(anonymous_4)","decl":{"start":{"line":32,"column":23},"end":{"line":32,"column":27}},"loc":{"start":{"line":32,"column":32},"end":{"line":32,"column":61}},"line":32},"5":{"name":"(anonymous_5)","decl":{"start":{"line":36,"column":21},"end":{"line":36,"column":25}},"loc":{"start":{"line":36,"column":29},"end":{"line":36,"column":37}},"line":36},"6":{"name":"(anonymous_6)","decl":{"start":{"line":37,"column":22},"end":{"line":37,"column":26}},"loc":{"start":{"line":37,"column":30},"end":{"line":37,"column":38}},"line":37},"7":{"name":"(anonymous_7)","decl":{"start":{"line":41,"column":29},"end":{"line":41,"column":33}},"loc":{"start":{"line":41,"column":37},"end":{"line":44,"column":13}},"line":41},"8":{"name":"(anonymous_8)","decl":{"start":{"line":49,"column":41},"end":{"line":49,"column":42}},"loc":{"start":{"line":49,"column":73},"end":{"line":54,"column":5}},"line":49},"9":{"name":"(anonymous_9)","decl":{"start":{"line":50,"column":32},"end":{"line":50,"column":36}},"loc":{"start":{"line":50,"column":41},"end":{"line":53,"column":9}},"line":50},"10":{"name":"(anonymous_10)","decl":{"start":{"line":56,"column":40},"end":{"line":56,"column":41}},"loc":{"start":{"line":56,"column":46},"end":{"line":65,"column":5}},"line":56},"11":{"name":"(anonymous_11)","decl":{"start":{"line":59,"column":36},"end":{"line":59,"column":40}},"loc":{"start":{"line":59,"column":44},"end":{"line":59,"column":52}},"line":59}},"branchMap":{"0":{"loc":{"start":{"line":3,"column":30},"end":{"line":3,"column":51}},"type":"default-arg","locations":[{"start":{"line":3,"column":49},"end":{"line":3,"column":51}}],"line":3},"1":{"loc":{"start":{"line":35,"column":8},"end":{"line":46,"column":null}},"type":"if","locations":[{"start":{"line":35,"column":8},"end":{"line":46,"column":null}},{"start":{"line":39,"column":15},"end":{"line":46,"column":null}}],"line":35},"2":{"loc":{"start":{"line":42,"column":16},"end":{"line":42,"column":null}},"type":"if","locations":[{"start":{"line":42,"column":16},"end":{"line":42,"column":null}},{"start":{},"end":{}}],"line":42},"3":{"loc":{"start":{"line":58,"column":8},"end":{"line":64,"column":null}},"type":"if","locations":[{"start":{"line":58,"column":8},"end":{"line":64,"column":null}},{"start":{"line":61,"column":15},"end":{"line":64,"column":null}}],"line":58}},"s":{"0":1,"1":29,"2":29,"3":29,"4":29,"5":29,"6":29,"7":29,"8":29,"9":29,"10":29,"11":29,"12":9,"13":9,"14":9,"15":9,"16":9,"17":9,"18":9,"19":29,"20":9,"21":9,"22":9,"23":29,"24":9,"25":9,"26":9,"27":9,"28":5,"29":5,"30":5,"31":5,"32":5,"33":4,"34":4,"35":4,"36":3,"37":1,"38":4,"39":29,"40":1,"41":1,"42":29,"43":4,"44":4,"45":3,"46":3,"47":3,"48":1,"49":1,"50":29},"f":{"0":29,"1":9,"2":9,"3":9,"4":9,"5":5,"6":5,"7":4,"8":1,"9":1,"10":4,"11":3},"b":{"0":[29],"1":[5,4],"2":[3,1],"3":[3,1]},"meta":{"lastBranch":4,"lastFunction":12,"lastStatement":51,"seen":{"s:3:29:86:1":0,"f:3:29:3:30":0,"b:3:49:3:51":0,"s:4:37:4:64":1,"s:5:37:5:55":2,"s:6:59:6:71":3,"s:7:29:7:41":4,"s:8:31:8:43":5,"s:9:41:9:54":6,"s:10:59:10:72":7,"s:11:45:11:58":8,"s:12:43:12:59":9,"s:13:43:13:59":10,"s:15:21:23:10":11,"f:15:34:15:35":1,"s:16:8:16:Infinity":12,"s:17:8:17:Infinity":13,"s:18:8:18:Infinity":14,"s:19:8:19:Infinity":15,"s:20:8:20:Infinity":16,"s:21:8:21:Infinity":17,"s:22:8:22:Infinity":18,"s:25:20:29:19":19,"f:25:33:25:34":2,"s:26:8:26:Infinity":20,"s:27:8:27:Infinity":21,"s:28:8:28:Infinity":22,"s:31:24:47:10":23,"f:31:37:31:38":3,"s:32:8:32:Infinity":24,"f:32:23:32:27":4,"s:32:32:32:61":25,"s:33:8:33:Infinity":26,"b:35:8:46:Infinity:39:15:46:Infinity":1,"s:35:8:46:Infinity":27,"s:36:12:36:Infinity":28,"f:36:21:36:25":5,"s:36:29:36:37":29,"s:37:12:37:Infinity":30,"f:37:22:37:26":6,"s:37:30:37:38":31,"s:38:12:38:Infinity":32,"s:40:12:40:Infinity":33,"s:41:12:44:Infinity":34,"f:41:29:41:33":7,"b:42:16:42:Infinity:undefined:undefined:undefined:undefined":2,"s:42:16:42:Infinity":35,"s:42:44:42:Infinity":36,"s:43:16:43:Infinity":37,"s:45:12:45:Infinity":38,"s:49:28:54:10":39,"f:49:41:49:42":8,"s:50:8:53:Infinity":40,"f:50:32:50:36":9,"s:50:41:53:9":41,"s:56:27:65:48":42,"f:56:40:56:41":10,"s:57:8:57:Infinity":43,"b:58:8:64:Infinity:61:15:64:Infinity":3,"s:58:8:64:Infinity":44,"s:59:12:59:Infinity":45,"f:59:36:59:40":11,"s:59:44:59:52":46,"s:60:12:60:25":47,"s:62:12:62:Infinity":48,"s:63:12:63:24":49,"s:67:4:85:Infinity":50}}}
,"/Users/fabio.oliveira/Desktop/Projetos/study-app/frontend/src/hooks/useSpeechRecognition.js": {"path":"/Users/fabio.oliveira/Desktop/Projetos/study-app/frontend/src/hooks/useSpeechRecognition.js","statementMap":{"0":{"start":{"line":3,"column":36},"end":{"line":64,"column":1}},"1":{"start":{"line":4,"column":41},"end":{"line":4,"column":57}},"2":{"start":{"line":5,"column":39},"end":{"line":5,"column":52}},"3":{"start":{"line":6,"column":41},"end":{"line":6,"column":56}},"4":{"start":{"line":7,"column":29},"end":{"line":7,"column":44}},"5":{"start":{"line":9,"column":3},"end":{"line":36,"column":null}},"6":{"start":{"line":10,"column":34},"end":{"line":10,"column":92}},"7":{"start":{"line":11,"column":8},"end":{"line":35,"column":null}},"8":{"start":{"line":12,"column":26},"end":{"line":12,"column":49}},"9":{"start":{"line":13,"column":12},"end":{"line":13,"column":37}},"10":{"start":{"line":14,"column":12},"end":{"line":14,"column":40}},"11":{"start":{"line":15,"column":12},"end":{"line":15,"column":null}},"12":{"start":{"line":17,"column":12},"end":{"line":17,"column":null}},"13":{"start":{"line":17,"column":34},"end":{"line":17,"column":54}},"14":{"start":{"line":18,"column":12},"end":{"line":18,"column":null}},"15":{"start":{"line":18,"column":32},"end":{"line":18,"column":53}},"16":{"start":{"line":19,"column":12},"end":{"line":23,"column":null}},"17":{"start":{"line":20,"column":16},"end":{"line":20,"column":null}},"18":{"start":{"line":21,"column":16},"end":{"line":21,"column":null}},"19":{"start":{"line":22,"column":16},"end":{"line":22,"column":null}},"20":{"start":{"line":24,"column":12},"end":{"line":30,"column":null}},"21":{"start":{"line":25,"column":30},"end":{"line":25,"column":32}},"22":{"start":{"line":26,"column":16},"end":{"line":28,"column":null}},"23":{"start":{"line":26,"column":29},"end":{"line":26,"column":46}},"24":{"start":{"line":27,"column":20},"end":{"line":27,"column":null}},"25":{"start":{"line":29,"column":16},"end":{"line":29,"column":null}},"26":{"start":{"line":32,"column":12},"end":{"line":32,"column":null}},"27":{"start":{"line":34,"column":12},"end":{"line":34,"column":null}},"28":{"start":{"line":38,"column":26},"end":{"line":48,"column":21}},"29":{"start":{"line":39,"column":8},"end":{"line":47,"column":null}},"30":{"start":{"line":40,"column":12},"end":{"line":40,"column":null}},"31":{"start":{"line":41,"column":12},"end":{"line":41,"column":null}},"32":{"start":{"line":42,"column":12},"end":{"line":46,"column":null}},"33":{"start":{"line":43,"column":16},"end":{"line":43,"column":null}},"34":{"start":{"line":45,"column":16},"end":{"line":45,"column":null}},"35":{"start":{"line":50,"column":25},"end":{"line":54,"column":21}},"36":{"start":{"line":51,"column":8},"end":{"line":53,"column":null}},"37":{"start":{"line":52,"column":12},"end":{"line":52,"column":null}},"38":{"start":{"line":56,"column":4},"end":{"line":63,"column":null}}},"fnMap":{"0":{"name":"(anonymous_0)","decl":{"start":{"line":3,"column":36},"end":{"line":3,"column":37}},"loc":{"start":{"line":3,"column":42},"end":{"line":64,"column":1}},"line":3},"1":{"name":"(anonymous_1)","decl":{"start":{"line":9,"column":14},"end":{"line":9,"column":15}},"loc":{"start":{"line":9,"column":20},"end":{"line":36,"column":5}},"line":9},"2":{"name":"(anonymous_2)","decl":{"start":{"line":17,"column":28},"end":{"line":17,"column":29}},"loc":{"start":{"line":17,"column":34},"end":{"line":17,"column":54}},"line":17},"3":{"name":"(anonymous_3)","decl":{"start":{"line":18,"column":26},"end":{"line":18,"column":27}},"loc":{"start":{"line":18,"column":32},"end":{"line":18,"column":53}},"line":18},"4":{"name":"(anonymous_4)","decl":{"start":{"line":19,"column":28},"end":{"line":19,"column":29}},"loc":{"start":{"line":19,"column":39},"end":{"line":23,"column":13}},"line":19},"5":{"name":"(anonymous_5)","decl":{"start":{"line":24,"column":29},"end":{"line":24,"column":30}},"loc":{"start":{"line":24,"column":40},"end":{"line":30,"column":13}},"line":24},"6":{"name":"(anonymous_6)","decl":{"start":{"line":38,"column":39},"end":{"line":38,"column":40}},"loc":{"start":{"line":38,"column":45},"end":{"line":48,"column":5}},"line":38},"7":{"name":"(anonymous_7)","decl":{"start":{"line":50,"column":38},"end":{"line":50,"column":39}},"loc":{"start":{"line":50,"column":44},"end":{"line":54,"column":5}},"line":50}},"branchMap":{"0":{"loc":{"start":{"line":10,"column":34},"end":{"line":10,"column":92}},"type":"binary-expr","locations":[{"start":{"line":10,"column":34},"end":{"line":10,"column":58}},{"start":{"line":10,"column":62},"end":{"line":10,"column":92}}],"line":10},"1":{"loc":{"start":{"line":11,"column":8},"end":{"line":35,"column":null}},"type":"if","locations":[{"start":{"line":11,"column":8},"end":{"line":35,"column":null}},{"start":{"line":33,"column":15},"end":{"line":35,"column":null}}],"line":11},"2":{"loc":{"start":{"line":39,"column":8},"end":{"line":47,"column":null}},"type":"if","locations":[{"start":{"line":39,"column":8},"end":{"line":47,"column":null}},{"start":{},"end":{}}],"line":39},"3":{"loc":{"start":{"line":51,"column":8},"end":{"line":53,"column":null}},"type":"if","locations":[{"start":{"line":51,"column":8},"end":{"line":53,"column":null}},{"start":{},"end":{}}],"line":51}},"s":{"0":1,"1":15,"2":15,"3":15,"4":15,"5":15,"6":6,"7":6,"8":0,"9":0,"10":0,"11":0,"12":0,"13":0,"14":0,"15":0,"16":0,"17":0,"18":0,"19":0,"20":0,"21":0,"22":0,"23":0,"24":0,"25":0,"26":0,"27":6,"28":15,"29":0,"30":0,"31":0,"32":0,"33":0,"34":0,"35":15,"36":0,"37":0,"38":15},"f":{"0":15,"1":6,"2":0,"3":0,"4":0,"5":0,"6":0,"7":0},"b":{"0":[6,6],"1":[0,6],"2":[0,0],"3":[0,0]},"meta":{"lastBranch":4,"lastFunction":8,"lastStatement":39,"seen":{"s:3:36:64:1":0,"f:3:36:3:37":0,"s:4:41:4:57":1,"s:5:39:5:52":2,"s:6:41:6:56":3,"s:7:29:7:44":4,"s:9:3:36:Infinity":5,"f:9:14:9:15":1,"s:10:34:10:92":6,"b:10:34:10:58:10:62:10:92":0,"b:11:8:35:Infinity:33:15:35:Infinity":1,"s:11:8:35:Infinity":7,"s:12:26:12:49":8,"s:13:12:13:37":9,"s:14:12:14:40":10,"s:15:12:15:Infinity":11,"s:17:12:17:Infinity":12,"f:17:28:17:29":2,"s:17:34:17:54":13,"s:18:12:18:Infinity":14,"f:18:26:18:27":3,"s:18:32:18:53":15,"s:19:12:23:Infinity":16,"f:19:28:19:29":4,"s:20:16:20:Infinity":17,"s:21:16:21:Infinity":18,"s:22:16:22:Infinity":19,"s:24:12:30:Infinity":20,"f:24:29:24:30":5,"s:25:30:25:32":21,"s:26:16:28:Infinity":22,"s:26:29:26:46":23,"s:27:20:27:Infinity":24,"s:29:16:29:Infinity":25,"s:32:12:32:Infinity":26,"s:34:12:34:Infinity":27,"s:38:26:48:21":28,"f:38:39:38:40":6,"b:39:8:47:Infinity:undefined:undefined:undefined:undefined":2,"s:39:8:47:Infinity":29,"s:40:12:40:Infinity":30,"s:41:12:41:Infinity":31,"s:42:12:46:Infinity":32,"s:43:16:43:Infinity":33,"s:45:16:45:Infinity":34,"s:50:25:54:21":35,"f:50:38:50:39":7,"b:51:8:53:Infinity:undefined:undefined:undefined:undefined":3,"s:51:8:53:Infinity":36,"s:52:12:52:Infinity":37,"s:56:4:63:Infinity":38}}}
,"/Users/fabio.oliveira/Desktop/Projetos/study-app/frontend/src/services/api.js": {"path":"/Users/fabio.oliveira/Desktop/Projetos/study-app/frontend/src/services/api.js","statementMap":{"0":{"start":{"line":3,"column":16},"end":{"line":3,"column":71}},"1":{"start":{"line":5,"column":12},"end":{"line":10,"column":2}},"2":{"start":{"line":12,"column":0},"end":{"line":18,"column":null}},"3":{"start":{"line":13,"column":18},"end":{"line":13,"column":53}},"4":{"start":{"line":14,"column":4},"end":{"line":16,"column":null}},"5":{"start":{"line":15,"column":8},"end":{"line":15,"column":null}},"6":{"start":{"line":17,"column":4},"end":{"line":17,"column":null}}},"fnMap":{"0":{"name":"(anonymous_0)","decl":{"start":{"line":12,"column":29},"end":{"line":12,"column":30}},"loc":{"start":{"line":12,"column":41},"end":{"line":18,"column":1}},"line":12}},"branchMap":{"0":{"loc":{"start":{"line":3,"column":16},"end":{"line":3,"column":71}},"type":"binary-expr","locations":[{"start":{"line":3,"column":16},"end":{"line":3,"column":44}},{"start":{"line":3,"column":48},"end":{"line":3,"column":71}}],"line":3},"1":{"loc":{"start":{"line":14,"column":4},"end":{"line":16,"column":null}},"type":"if","locations":[{"start":{"line":14,"column":4},"end":{"line":16,"column":null}},{"start":{},"end":{}}],"line":14}},"s":{"0":1,"1":1,"2":1,"3":0,"4":0,"5":0,"6":0},"f":{"0":0},"b":{"0":[1,1],"1":[0,0]},"meta":{"lastBranch":2,"lastFunction":1,"lastStatement":7,"seen":{"s:3:16:3:71":0,"b:3:16:3:44:3:48:3:71":0,"s:5:12:10:2":1,"s:12:0:18:Infinity":2,"f:12:29:12:30":0,"s:13:18:13:53":3,"b:14:4:16:Infinity:undefined:undefined:undefined:undefined":1,"s:14:4:16:Infinity":4,"s:15:8:15:Infinity":5,"s:17:4:17:Infinity":6}}}
,"/Users/fabio.oliveira/Desktop/Projetos/study-app/frontend/src/services/studyService.js": {"path":"/Users/fabio.oliveira/Desktop/Projetos/study-app/frontend/src/services/studyService.js","statementMap":{"0":{"start":{"line":3,"column":28},"end":{"line":78,"column":1}},"1":{"start":{"line":5,"column":20},"end":{"line":5,"column":54}},"2":{"start":{"line":6,"column":8},"end":{"line":6,"column":null}},"3":{"start":{"line":9,"column":25},"end":{"line":9,"column":39}},"4":{"start":{"line":10,"column":8},"end":{"line":10,"column":null}},"5":{"start":{"line":11,"column":20},"end":{"line":13,"column":10}},"6":{"start":{"line":14,"column":8},"end":{"line":14,"column":null}},"7":{"start":{"line":17,"column":20},"end":{"line":17,"column":57}},"8":{"start":{"line":18,"column":8},"end":{"line":18,"column":null}},"9":{"start":{"line":21,"column":8},"end":{"line":21,"column":null}},"10":{"start":{"line":24,"column":24},"end":{"line":28,"column":9}},"11":{"start":{"line":29,"column":20},"end":{"line":29,"column":61}},"12":{"start":{"line":30,"column":8},"end":{"line":30,"column":null}},"13":{"start":{"line":33,"column":20},"end":{"line":37,"column":10}},"14":{"start":{"line":38,"column":8},"end":{"line":38,"column":null}},"15":{"start":{"line":41,"column":8},"end":{"line":48,"column":null}},"16":{"start":{"line":51,"column":18},"end":{"line":51,"column":58}},"17":{"start":{"line":52,"column":8},"end":{"line":54,"column":null}},"18":{"start":{"line":53,"column":12},"end":{"line":53,"column":null}},"19":{"start":{"line":55,"column":20},"end":{"line":55,"column":38}},"20":{"start":{"line":56,"column":8},"end":{"line":56,"column":null}},"21":{"start":{"line":59,"column":20},"end":{"line":59,"column":66}},"22":{"start":{"line":60,"column":8},"end":{"line":60,"column":null}},"23":{"start":{"line":63,"column":20},"end":{"line":63,"column":70}},"24":{"start":{"line":64,"column":8},"end":{"line":64,"column":null}},"25":{"start":{"line":67,"column":20},"end":{"line":67,"column":72}},"26":{"start":{"line":68,"column":8},"end":{"line":68,"column":null}},"27":{"start":{"line":71,"column":20},"end":{"line":71,"column":47}},"28":{"start":{"line":72,"column":8},"end":{"line":72,"column":null}},"29":{"start":{"line":75,"column":20},"end":{"line":75,"column":71}},"30":{"start":{"line":76,"column":8},"end":{"line":76,"column":null}}},"fnMap":{"0":{"name":"(anonymous_0)","decl":{"start":{"line":4,"column":19},"end":{"line":4,"column":24}},"loc":{"start":{"line":4,"column":31},"end":{"line":7,"column":5}},"line":4},"1":{"name":"(anonymous_1)","decl":{"start":{"line":8,"column":16},"end":{"line":8,"column":21}},"loc":{"start":{"line":8,"column":32},"end":{"line":15,"column":5}},"line":8},"2":{"name":"(anonymous_2)","decl":{"start":{"line":16,"column":19},"end":{"line":16,"column":24}},"loc":{"start":{"line":16,"column":31},"end":{"line":19,"column":5}},"line":16},"3":{"name":"(anonymous_3)","decl":{"start":{"line":20,"column":19},"end":{"line":20,"column":24}},"loc":{"start":{"line":20,"column":31},"end":{"line":22,"column":5}},"line":20},"4":{"name":"(anonymous_4)","decl":{"start":{"line":23,"column":18},"end":{"line":23,"column":23}},"loc":{"start":{"line":23,"column":42},"end":{"line":31,"column":5}},"line":23},"5":{"name":"(anonymous_5)","decl":{"start":{"line":32,"column":20},"end":{"line":32,"column":25}},"loc":{"start":{"line":32,"column":73},"end":{"line":39,"column":5}},"line":32},"6":{"name":"(anonymous_6)","decl":{"start":{"line":40,"column":22},"end":{"line":40,"column":27}},"loc":{"start":{"line":40,"column":91},"end":{"line":49,"column":5}},"line":40},"7":{"name":"(anonymous_7)","decl":{"start":{"line":50,"column":19},"end":{"line":50,"column":24}},"loc":{"start":{"line":50,"column":41},"end":{"line":57,"column":5}},"line":50},"8":{"name":"(anonymous_8)","decl":{"start":{"line":58,"column":14},"end":{"line":58,"column":19}},"loc":{"start":{"line":58,"column":32},"end":{"line":61,"column":5}},"line":58},"9":{"name":"(anonymous_9)","decl":{"start":{"line":62,"column":18},"end":{"line":62,"column":23}},"loc":{"start":{"line":62,"column":36},"end":{"line":65,"column":5}},"line":62},"10":{"name":"(anonymous_10)","decl":{"start":{"line":66,"column":21},"end":{"line":66,"column":26}},"loc":{"start":{"line":66,"column":38},"end":{"line":69,"column":5}},"line":66},"11":{"name":"(anonymous_11)","decl":{"start":{"line":70,"column":18},"end":{"line":70,"column":23}},"loc":{"start":{"line":70,"column":30},"end":{"line":73,"column":5}},"line":70},"12":{"name":"(anonymous_12)","decl":{"start":{"line":74,"column":22},"end":{"line":74,"column":27}},"loc":{"start":{"line":74,"column":44},"end":{"line":77,"column":null}},"line":74}},"branchMap":{"0":{"loc":{"start":{"line":26,"column":20},"end":{"line":26,"column":87}},"type":"cond-expr","locations":[{"start":{"line":26,"column":44},"end":{"line":26,"column":50}},{"start":{"line":26,"column":54},"end":{"line":26,"column":86}}],"line":26},"1":{"loc":{"start":{"line":26,"column":54},"end":{"line":26,"column":86}},"type":"cond-expr","locations":[{"start":{"line":26,"column":73},"end":{"line":26,"column":75}},{"start":{"line":26,"column":78},"end":{"line":26,"column":86}}],"line":26},"2":{"loc":{"start":{"line":32,"column":49},"end":{"line":32,"column":68}},"type":"default-arg","locations":[{"start":{"line":32,"column":56},"end":{"line":32,"column":68}}],"line":32},"3":{"loc":{"start":{"line":52,"column":8},"end":{"line":54,"column":null}},"type":"if","locations":[{"start":{"line":52,"column":8},"end":{"line":54,"column":null}},{"start":{},"end":{}}],"line":52}},"s":{"0":1,"1":0,"2":0,"3":0,"4":0,"5":0,"6":0,"7":0,"8":0,"9":0,"10":0,"11":0,"12":0,"13":0,"14":0,"15":0,"16":0,"17":0,"18":0,"19":0,"20":0,"21":0,"22":0,"23":0,"24":0,"25":0,"26":0,"27":0,"28":0,"29":0,"30":0},"f":{"0":0,"1":0,"2":0,"3":0,"4":0,"5":0,"6":0,"7":0,"8":0,"9":0,"10":0,"11":0,"12":0},"b":{"0":[0,0],"1":[0,0],"2":[0],"3":[0,0]},"meta":{"lastBranch":4,"lastFunction":13,"lastStatement":31,"seen":{"s:3:28:78:1":0,"f:4:19:4:24":0,"s:5:20:5:54":1,"s:6:8:6:Infinity":2,"f:8:16:8:21":1,"s:9:25:9:39":3,"s:10:8:10:Infinity":4,"s:11:20:13:10":5,"s:14:8:14:Infinity":6,"f:16:19:16:24":2,"s:17:20:17:57":7,"s:18:8:18:Infinity":8,"f:20:19:20:24":3,"s:21:8:21:Infinity":9,"f:23:18:23:23":4,"s:24:24:28:9":10,"b:26:44:26:50:26:54:26:86":0,"b:26:73:26:75:26:78:26:86":1,"s:29:20:29:61":11,"s:30:8:30:Infinity":12,"f:32:20:32:25":5,"b:32:56:32:68":2,"s:33:20:37:10":13,"s:38:8:38:Infinity":14,"f:40:22:40:27":6,"s:41:8:48:Infinity":15,"f:50:19:50:24":7,"s:51:18:51:58":16,"b:52:8:54:Infinity:undefined:undefined:undefined:undefined":3,"s:52:8:54:Infinity":17,"s:53:12:53:Infinity":18,"s:55:20:55:38":19,"s:56:8:56:Infinity":20,"f:58:14:58:19":8,"s:59:20:59:66":21,"s:60:8:60:Infinity":22,"f:62:18:62:23":9,"s:63:20:63:70":23,"s:64:8:64:Infinity":24,"f:66:21:66:26":10,"s:67:20:67:72":25,"s:68:8:68:Infinity":26,"f:70:18:70:23":11,"s:71:20:71:47":27,"s:72:8:72:Infinity":28,"f:74:22:74:27":12,"s:75:20:75:71":29,"s:76:8:76:Infinity":30}}}
,"/Users/fabio.oliveira/Desktop/Projetos/study-app/frontend/src/utils/xpCalculator.js": {"path":"/Users/fabio.oliveira/Desktop/Projetos/study-app/frontend/src/utils/xpCalculator.js","statementMap":{"0":{"start":{"line":15,"column":36},"end":{"line":20,"column":1}},"1":{"start":{"line":16,"column":13},"end":{"line":16,"column":14}},"2":{"start":{"line":17,"column":4},"end":{"line":17,"column":null}},"3":{"start":{"line":17,"column":21},"end":{"line":17,"column":null}},"4":{"start":{"line":18,"column":4},"end":{"line":18,"column":null}},"5":{"start":{"line":18,"column":21},"end":{"line":18,"column":null}},"6":{"start":{"line":19,"column":4},"end":{"line":19,"column":null}}},"fnMap":{"0":{"name":"(anonymous_0)","decl":{"start":{"line":15,"column":36},"end":{"line":15,"column":37}},"loc":{"start":{"line":15,"column":47},"end":{"line":20,"column":1}},"line":15}},"branchMap":{"0":{"loc":{"start":{"line":17,"column":4},"end":{"line":17,"column":null}},"type":"if","locations":[{"start":{"line":17,"column":4},"end":{"line":17,"column":null}},{"start":{},"end":{}}],"line":17},"1":{"loc":{"start":{"line":18,"column":4},"end":{"line":18,"column":null}},"type":"if","locations":[{"start":{"line":18,"column":4},"end":{"line":18,"column":null}},{"start":{},"end":{}}],"line":18}},"s":{"0":1,"1":14,"2":14,"3":10,"4":14,"5":4,"6":14},"f":{"0":14},"b":{"0":[10,4],"1":[4,10]},"meta":{"lastBranch":2,"lastFunction":1,"lastStatement":7,"seen":{"s:15:36:20:1":0,"f:15:36:15:37":0,"s:16:13:16:14":1,"b:17:4:17:Infinity:undefined:undefined:undefined:undefined":0,"s:17:4:17:Infinity":2,"s:17:21:17:Infinity":3,"b:18:4:18:Infinity:undefined:undefined:undefined:undefined":1,"s:18:4:18:Infinity":4,"s:18:21:18:Infinity":5,"s:19:4:19:Infinity":6}}}
}
